0 info it worked if it ends with ok
1 verbose cli [ '/Users/nikhilbhaskar/.nvm/versions/node/v5.0.0/bin/node',
1 verbose cli   '/Users/nikhilbhaskar/.nvm/versions/node/v5.0.0/bin/npm',
1 verbose cli   'login' ]
2 info using npm@3.3.6
3 info using node@v5.0.0
4 verbose adduser before first PUT { _id: 'org.couchdb.user:nikhilwins',
4 verbose adduser   name: 'nikhilwins',
4 verbose adduser   password: 'XXXXX',
4 verbose adduser   email: 'nikhil38@gmail.com',
4 verbose adduser   type: 'user',
4 verbose adduser   roles: [],
4 verbose adduser   date: '2017-03-22T23:11:30.806Z' }
5 verbose request uri https://registry.npmjs.org/-/user/org.couchdb.user:nikhilwins
6 verbose request new user, so can't send auth
7 info attempt registry request try #1 at 7:11:30 PM
8 verbose request id bf07bcf3ac56abad
9 http request PUT https://registry.npmjs.org/-/user/org.couchdb.user:nikhilwins
10 http 401 https://registry.npmjs.org/-/user/org.couchdb.user:nikhilwins
11 verbose headers { 'content-type': 'application/json',
11 verbose headers   'cache-control': 'max-age=300',
11 verbose headers   'content-length': '46',
11 verbose headers   'accept-ranges': 'bytes',
11 verbose headers   date: 'Wed, 22 Mar 2017 23:06:21 GMT',
11 verbose headers   via: '1.1 varnish',
11 verbose headers   connection: 'keep-alive',
11 verbose headers   'x-served-by': 'cache-yyz8327-YYZ',
11 verbose headers   'x-cache': 'MISS',
11 verbose headers   'x-cache-hits': '0',
11 verbose headers   'x-timer': 'S1490223981.179885,VS0,VE370',
11 verbose headers   vary: 'Accept-Encoding' }
12 verbose request invalidating /Users/nikhilbhaskar/.npm/registry.npmjs.org/-/user/org.couchdb.user_3Anikhilwins on PUT
13 verbose adduser back [ { [Error: Registry returned 401 for PUT on https://registry.npmjs.org/-/user/org.couchdb.user:nikhilwins] statusCode: 401, code: 'E401' },
13 verbose adduser   { ok: false, id: 'org.couchdb.user:undefined' },
13 verbose adduser   '{"ok":false,"id":"org.couchdb.user:undefined"}' ]
14 warn adduser Incorrect username or password
14 warn adduser You can reset your account by visiting:
14 warn adduser
14 warn adduser     https://npmjs.org/forgot
15 verbose stack Error: Registry returned 401 for PUT on https://registry.npmjs.org/-/user/org.couchdb.user:nikhilwins
15 verbose stack     at makeError (/Users/nikhilbhaskar/.nvm/versions/node/v5.0.0/lib/node_modules/npm/node_modules/npm-registry-client/lib/request.js:264:12)
15 verbose stack     at CachingRegistryClient.<anonymous> (/Users/nikhilbhaskar/.nvm/versions/node/v5.0.0/lib/node_modules/npm/node_modules/npm-registry-client/lib/request.js:242:14)
15 verbose stack     at Request._callback (/Users/nikhilbhaskar/.nvm/versions/node/v5.0.0/lib/node_modules/npm/node_modules/npm-registry-client/lib/request.js:172:14)
15 verbose stack     at Request.self.callback (/Users/nikhilbhaskar/.nvm/versions/node/v5.0.0/lib/node_modules/npm/node_modules/request/request.js:198:22)
15 verbose stack     at emitTwo (events.js:87:13)
15 verbose stack     at Request.emit (events.js:172:7)
15 verbose stack     at Request.<anonymous> (/Users/nikhilbhaskar/.nvm/versions/node/v5.0.0/lib/node_modules/npm/node_modules/request/request.js:1063:14)
15 verbose stack     at emitOne (events.js:82:20)
15 verbose stack     at Request.emit (events.js:169:7)
15 verbose stack     at IncomingMessage.<anonymous> (/Users/nikhilbhaskar/.nvm/versions/node/v5.0.0/lib/node_modules/npm/node_modules/request/request.js:1009:12)
16 verbose statusCode 401
17 verbose cwd /Users/nikhilbhaskar/Desktop/namespacer
18 error Darwin 16.4.0
19 error argv "/Users/nikhilbhaskar/.nvm/versions/node/v5.0.0/bin/node" "/Users/nikhilbhaskar/.nvm/versions/node/v5.0.0/bin/npm" "login"
20 error node v5.0.0
21 error npm  v3.3.6
22 error code E401
23 error Registry returned 401 for PUT on https://registry.npmjs.org/-/user/org.couchdb.user:nikhilwins
24 error If you need help, you may report this error at:
24 error     <https://github.com/npm/npm/issues>
25 verbose exit [ 1, true ]
